<?xml version="1.0" encoding="UTF-8"?>
<testng-results skipped="0" failed="0" ignored="0" total="1" passed="1">
  <reporter-output>
  </reporter-output>
  <suite name="Default suite" duration-ms="9339" started-at="2018-09-20T11:11:09Z" finished-at="2018-09-20T11:11:19Z">
    <groups>
    </groups>
    <test name="Default test" duration-ms="9339" started-at="2018-09-20T11:11:09Z" finished-at="2018-09-20T11:11:19Z">
      <class name="jenkins.JenkGit">
        <test-method status="PASS" signature="search()[pri:0, instance:jenkins.JenkGit@100a15d]" name="search" duration-ms="9286" started-at="2018-09-20T11:11:09Z" finished-at="2018-09-20T11:11:19Z">
          <reporter-output>
          </reporter-output>
        </test-method> <!-- search -->
      </class> <!-- jenkins.JenkGit -->
    </test> <!-- Default test -->
  </suite> <!-- Default suite -->
</testng-results>
